2023-06-11 07:14:16,833 INFO:============LOGGING METADATA============
2023-06-11 07:14:16,833 INFO:	iteration: 0
2023-06-11 07:14:16,833 INFO:	init_frontiers_every_iteration: False
2023-06-11 07:14:16,833 INFO:	resume_checkpoint_directory: None
2023-06-11 07:14:16,834 INFO:	timestamped_experiment_id: baseline_dreamcoder_96
2023-06-11 07:14:16,834 INFO:	global_batch_size: 96
2023-06-11 07:14:16,834 INFO:	task_language_loader: re2_human
2023-06-11 07:14:16,834 INFO:	export_with_timestamp: False
2023-06-11 07:14:16,834 INFO:	log_directory: experiments_iterative/logs/runs_human/domains/re2_human/baseline_dreamcoder/seed_111/baseline_dreamcoder_96
2023-06-11 07:14:16,834 INFO:	random_seed: 111
2023-06-11 07:14:16,834 INFO:	recognition_train_steps: None
2023-06-11 07:14:16,834 INFO:	dsl_description_prefix: This is a domain-specific language for regular expressions that specify string transformations.
2023-06-11 07:14:16,834 INFO:	init_frontiers_from_checkpoint: False
2023-06-11 07:14:16,834 INFO:	init_grammar_from_checkpoint: False
2023-06-11 07:14:16,834 INFO:	random_generator: Generator(PCG64)
2023-06-11 07:14:16,834 INFO:	experiment_name: runs_human
2023-06-11 07:14:16,834 INFO:	experiment_id: baseline_dreamcoder_96
2023-06-11 07:14:16,834 INFO:	human_readable: Autogenerated iterative experiment.
2023-06-11 07:14:16,834 INFO:	curr_iteration: 0
2023-06-11 07:14:16,834 INFO:	enumeration_timeout: 1000
2023-06-11 07:14:16,834 INFO:	ocaml_special_handler: re2
2023-06-11 07:14:16,834 INFO:	tasks_loader: re2
2023-06-11 07:14:16,834 INFO:	export_directory: experiments_iterative/outputs/runs_human/domains/re2_human/baseline_dreamcoder/seed_111/baseline_dreamcoder_96
2023-06-11 07:14:16,834 INFO:	encoder: re2
2023-06-11 07:14:16,834 INFO:	timestamp: 
2023-06-11 07:14:16,834 INFO:====================================
2023-06-11 07:14:16,834 INFO:============LOGGING FRONTIERS============
2023-06-11 07:14:16,835 INFO:	 total_solved_tasks_train @ iteration 0: 0 / 491
2023-06-11 07:14:16,835 INFO:	 total_solved_tasks_test @ iteration 0: 0 / 500
2023-06-11 07:14:16,835 INFO:====================================
2023-06-11 07:14:16,835 INFO:============LOGGING MODEL_FN============
2023-06-11 07:14:16,835 INFO:	iteration: 0
2023-06-11 07:14:16,835 INFO:	model_type: grammar
2023-06-11 07:14:16,835 INFO:	task_split: train
2023-06-11 07:14:16,835 INFO:	run_every_n_iterations: 1000
2023-06-11 07:14:16,835 INFO:	model_fn: infer_programs_for_tasks
2023-06-11 07:14:16,835 INFO:	params: {'enumeration_timeout': 1000, 'compute_likelihoods': True}
2023-06-11 07:14:16,835 INFO:	experiment_block_type: model_fn
2023-06-11 07:14:16,835 INFO:	task_batch_size: global_batch_size
2023-06-11 07:14:16,835 INFO:task_ids: 96 tasks: re2_train_489_if_there_is_any_letter_consonant_replace_that_with_b -- re2_train_185_if_the_word_ends_with_consonant_replace_that_with_a_o
2023-06-11 07:14:16,835 INFO:====================================
2023-06-11 07:14:16,836 INFO:Beginning enumeration on a total of 96 tasks with a total of 96 CPUs.
2023-06-11 07:30:57,195 INFO:Wrote experiments_iterative/outputs/runs_human/domains/re2_human/baseline_dreamcoder/seed_111/baseline_dreamcoder_96/0/metrics.json
2023-06-11 07:30:57,195 INFO:====================================
2023-06-11 07:30:57,195 INFO:iteration: 0
2023-06-11 07:30:57,195 INFO:grammar : infer_programs_for_tasks
2023-06-11 07:30:57,196 INFO:Completed in 1000.359s
2023-06-11 07:30:57,196 INFO:====================================
2023-06-11 07:30:57,196 INFO:============LOGGING FRONTIERS============
2023-06-11 07:30:57,197 INFO:	 total_solved_tasks_train @ iteration 0: 15 / 491
2023-06-11 07:30:57,199 INFO:	 total_solved_tasks_test @ iteration 0: 0 / 500
2023-06-11 07:30:57,199 INFO:====================================
2023-06-11 07:30:57,199 INFO:============LOGGING MODEL_FN============
2023-06-11 07:30:57,199 INFO:	iteration: 0
2023-06-11 07:30:57,199 INFO:	model_type: amortized_synthesis
2023-06-11 07:30:57,199 INFO:	task_split: train
2023-06-11 07:30:57,199 INFO:	model_fn: optimize_model_for_frontiers
2023-06-11 07:30:57,199 INFO:	params: {'recognition_train_steps': 10000}
2023-06-11 07:30:57,199 INFO:	experiment_block_type: model_fn
2023-06-11 07:30:57,199 INFO:	task_batch_size: all
2023-06-11 07:30:57,199 INFO:task_ids: 491 tasks: re2_train_489_if_there_is_any_letter_consonant_replace_that_with_b -- re2_train_432_if_the_word_ends_with_vowel_any_letter_replace_that_with_h_i
2023-06-11 07:30:57,199 INFO:====================================
2023-06-11 07:30:57,279 INFO:No pre-enumerated helmholtzFrontiers: we will sample randomly during the training loop.
2023-06-11 07:30:57,598 INFO:Attempted frontier likelihood normalization. Initial frontiers: 15. Now: 15
2023-06-11 07:30:57,598 INFO:Sampling new helmholtz frontiers during training.
2023-06-11 07:30:59,491 INFO:We now have 499 Helmholtz entries.
2023-06-11 07:31:20,835 INFO:Sampling new helmholtz frontiers during training.
2023-06-11 07:31:22,791 INFO:We now have 498 Helmholtz entries.
2023-06-11 07:31:45,924 INFO:Sampling new helmholtz frontiers during training.
2023-06-11 07:31:47,923 INFO:We now have 497 Helmholtz entries.
2023-06-11 07:32:09,689 INFO:Sampling new helmholtz frontiers during training.
2023-06-11 07:32:11,744 INFO:We now have 500 Helmholtz entries.
2023-06-11 07:32:33,840 INFO:Sampling new helmholtz frontiers during training.
2023-06-11 07:32:35,881 INFO:We now have 496 Helmholtz entries.
2023-06-11 07:32:56,335 INFO:Sampling new helmholtz frontiers during training.
2023-06-11 07:32:58,464 INFO:We now have 494 Helmholtz entries.
2023-06-11 07:33:19,606 INFO:Sampling new helmholtz frontiers during training.
2023-06-11 07:33:21,593 INFO:We now have 497 Helmholtz entries.
2023-06-11 07:33:42,939 INFO:Sampling new helmholtz frontiers during training.
2023-06-11 07:33:45,002 INFO:We now have 498 Helmholtz entries.
2023-06-11 07:34:06,962 INFO:Sampling new helmholtz frontiers during training.
2023-06-11 07:34:08,852 INFO:We now have 497 Helmholtz entries.
2023-06-11 07:34:30,436 INFO:Sampling new helmholtz frontiers during training.
2023-06-11 07:34:32,314 INFO:We now have 499 Helmholtz entries.
2023-06-11 07:34:50,006 INFO:Wrote experiments_iterative/outputs/runs_human/domains/re2_human/baseline_dreamcoder/seed_111/baseline_dreamcoder_96/0/metrics.json
2023-06-11 07:34:50,006 INFO:====================================
2023-06-11 07:34:50,006 INFO:iteration: 0
2023-06-11 07:34:50,006 INFO:amortized_synthesis : optimize_model_for_frontiers
2023-06-11 07:34:50,006 INFO:Completed in 232.806s
2023-06-11 07:34:50,006 INFO:====================================
2023-06-11 07:34:50,006 INFO:============LOGGING MODEL_FN============
2023-06-11 07:34:50,006 INFO:	iteration: 0
2023-06-11 07:34:50,006 INFO:	model_type: amortized_synthesis
2023-06-11 07:34:50,006 INFO:	task_split: train
2023-06-11 07:34:50,006 INFO:	model_fn: infer_programs_for_tasks
2023-06-11 07:34:50,006 INFO:	params: {'enumeration_timeout': 1000}
2023-06-11 07:34:50,006 INFO:	experiment_block_type: model_fn
2023-06-11 07:34:50,006 INFO:	task_batch_size: global_batch_size
2023-06-11 07:34:50,006 INFO:task_ids: 96 tasks: re2_train_489_if_there_is_any_letter_consonant_replace_that_with_b -- re2_train_185_if_the_word_ends_with_consonant_replace_that_with_a_o
2023-06-11 07:34:50,006 INFO:====================================
2023-06-11 07:34:53,015 INFO:Beginning enumeration on a total of 96 tasks with a total of 96 CPUs.
2023-06-11 07:51:35,219 INFO:Wrote experiments_iterative/outputs/runs_human/domains/re2_human/baseline_dreamcoder/seed_111/baseline_dreamcoder_96/0/metrics.json
2023-06-11 07:51:35,220 INFO:====================================
2023-06-11 07:51:35,220 INFO:iteration: 0
2023-06-11 07:51:35,220 INFO:amortized_synthesis : infer_programs_for_tasks
2023-06-11 07:51:35,220 INFO:Completed in 1005.213s
2023-06-11 07:51:35,220 INFO:====================================
2023-06-11 07:51:35,220 INFO:============LOGGING FRONTIERS============
2023-06-11 07:51:35,221 INFO:	 total_solved_tasks_train @ iteration 0: 16 / 491
2023-06-11 07:51:35,222 INFO:	 total_solved_tasks_test @ iteration 0: 0 / 500
2023-06-11 07:51:35,222 INFO:====================================
2023-06-11 07:51:35,222 INFO:reset_task_frontiers for split: test
2023-06-11 07:51:35,222 INFO:============LOGGING MODEL_FN============
2023-06-11 07:51:35,222 INFO:	iteration: 0
2023-06-11 07:51:35,222 INFO:	model_type: amortized_synthesis
2023-06-11 07:51:35,222 INFO:	task_split: test
2023-06-11 07:51:35,223 INFO:	run_every_n_iterations: 3
2023-06-11 07:51:35,223 INFO:	model_fn: infer_programs_for_tasks
2023-06-11 07:51:35,223 INFO:	params: {'enumeration_timeout': 1000}
2023-06-11 07:51:35,223 INFO:	experiment_block_type: model_fn
2023-06-11 07:51:35,223 INFO:	task_batch_size: all
2023-06-11 07:51:35,223 INFO:task_ids: 500 tasks: re2_test_0_if_the_word_ends_with_s_replace_that_with_m -- re2_test_499_if_there_is_consonant_replace_that_with_q_f
2023-06-11 07:51:35,223 INFO:====================================
2023-06-11 07:51:50,993 INFO:Beginning enumeration on a total of 500 tasks with a total of 96 CPUs.
2023-06-11 09:19:01,514 INFO:Wrote experiments_iterative/outputs/runs_human/domains/re2_human/baseline_dreamcoder/seed_111/baseline_dreamcoder_96/0/metrics.json
2023-06-11 09:19:01,515 INFO:====================================
2023-06-11 09:19:01,515 INFO:iteration: 0
2023-06-11 09:19:01,515 INFO:amortized_synthesis : infer_programs_for_tasks
2023-06-11 09:19:01,515 INFO:Completed in 5246.291s
2023-06-11 09:19:01,515 INFO:====================================
2023-06-11 09:19:01,515 INFO:============LOGGING FRONTIERS============
2023-06-11 09:19:01,517 INFO:	 total_solved_tasks_train @ iteration 0: 16 / 491
2023-06-11 09:19:01,518 INFO:	 total_solved_tasks_test @ iteration 0: 62 / 500
2023-06-11 09:19:01,518 INFO:====================================
2023-06-11 09:19:01,518 INFO:============LOGGING MODEL_FN============
2023-06-11 09:19:01,518 INFO:	iteration: 0
2023-06-11 09:19:01,518 INFO:	model_type: grammar
2023-06-11 09:19:01,518 INFO:	run_every_n_iterations: 3
2023-06-11 09:19:01,518 INFO:	model_fn: evaluate_frontiers
2023-06-11 09:19:01,518 INFO:	task_batch_sizes: ['all']
2023-06-11 09:19:01,518 INFO:	params: {'compute_likelihoods': True, 'compute_description_lengths': True, 'save_filename': 'test_likelihoods.json'}
2023-06-11 09:19:01,518 INFO:	experiment_block_type: model_fn
2023-06-11 09:19:01,518 INFO:	task_splits: ['test']
2023-06-11 09:19:01,518 INFO:task_ids test: 500 tasks: re2_test_0_if_the_word_ends_with_s_replace_that_with_m -- re2_test_499_if_there_is_consonant_replace_that_with_q_f
2023-06-11 09:19:01,518 INFO:====================================
2023-06-11 09:19:01,846 INFO:EVALUATION: evaluate_frontiers : mean log likelihood of 62 programs in splits: ['test'] is: -21.274272363094283
2023-06-11 09:19:01,846 INFO:EVALUATION: evaluate_frontiers : mean description length of 62 programs in splits: ['test'] is: 8.735483870967743
2023-06-11 09:19:01,910 INFO:============Checkpointing frontiers to experiments_iterative/outputs/runs_human/domains/re2_human/baseline_dreamcoder/seed_111/baseline_dreamcoder_96/0/frontiers.json===========
2023-06-11 09:19:01,910 INFO:============LOGGING MODEL_FN============
2023-06-11 09:19:01,911 INFO:	iteration: 0
2023-06-11 09:19:01,911 INFO:	model_type: library_learner
2023-06-11 09:19:01,911 INFO:	model_fn: get_compressed_grammar_mdl_prior_rank
2023-06-11 09:19:01,911 INFO:	task_batch_sizes: ['all']
2023-06-11 09:19:01,911 INFO:	params: {'max_arity': 3, 'iterations': 10, 'candidates_per_iteration': 1, 'include_samples': False, 'use_mdl_program': False, 'beta_reduce_programs': True, 'update_grammar': True, 'replace_existing_abstractions': True}
2023-06-11 09:19:01,911 INFO:	experiment_block_type: model_fn
2023-06-11 09:19:01,911 INFO:	task_splits: ['train']
2023-06-11 09:19:01,911 INFO:task_ids train: 491 tasks: re2_train_489_if_there_is_any_letter_consonant_replace_that_with_b -- re2_train_432_if_the_word_ends_with_vowel_any_letter_replace_that_with_h_i
2023-06-11 09:19:01,911 INFO:====================================
2023-06-11 09:19:02,423 INFO:Updated grammar (productions=42) with 10 new abstractions.
2023-06-11 09:19:02,517 INFO:reset_task_frontiers for split: train
2023-06-11 09:19:02,520 INFO:reset_samples for split: train
2023-06-11 09:19:02,520 INFO:============Syncing to AWS S3===========
2023-06-11 09:19:02,520 INFO:aws s3 sync experiments_iterative/outputs/runs_human/domains/re2_human/baseline_dreamcoder/seed_111 s3://grandg-lilo-experiments/experiments_iterative/outputs/runs_human/domains/re2_human/baseline_dreamcoder/seed_111
2023-06-11 09:19:03,169 INFO:============LOGGING METADATA============
2023-06-11 09:19:03,169 INFO:	iteration: 1
2023-06-11 09:19:03,169 INFO:	init_frontiers_every_iteration: False
2023-06-11 09:19:03,169 INFO:	resume_checkpoint_directory: None
2023-06-11 09:19:03,169 INFO:	timestamped_experiment_id: baseline_dreamcoder_96
2023-06-11 09:19:03,169 INFO:	global_batch_size: 96
2023-06-11 09:19:03,169 INFO:	task_language_loader: re2_human
2023-06-11 09:19:03,170 INFO:	export_with_timestamp: False
2023-06-11 09:19:03,170 INFO:	log_directory: experiments_iterative/logs/runs_human/domains/re2_human/baseline_dreamcoder/seed_111/baseline_dreamcoder_96
2023-06-11 09:19:03,170 INFO:	random_seed: 111
2023-06-11 09:19:03,170 INFO:	recognition_train_steps: None
2023-06-11 09:19:03,170 INFO:	dsl_description_prefix: This is a domain-specific language for regular expressions that specify string transformations.
2023-06-11 09:19:03,170 INFO:	init_frontiers_from_checkpoint: False
2023-06-11 09:19:03,170 INFO:	init_grammar_from_checkpoint: False
2023-06-11 09:19:03,170 INFO:	random_generator: Generator(PCG64)
2023-06-11 09:19:03,170 INFO:	experiment_name: runs_human
2023-06-11 09:19:03,170 INFO:	experiment_id: baseline_dreamcoder_96
2023-06-11 09:19:03,170 INFO:	human_readable: Autogenerated iterative experiment.
2023-06-11 09:19:03,170 INFO:	curr_iteration: 0
2023-06-11 09:19:03,170 INFO:	enumeration_timeout: 1000
2023-06-11 09:19:03,170 INFO:	ocaml_special_handler: re2
2023-06-11 09:19:03,170 INFO:	tasks_loader: re2
2023-06-11 09:19:03,170 INFO:	export_directory: experiments_iterative/outputs/runs_human/domains/re2_human/baseline_dreamcoder/seed_111/baseline_dreamcoder_96
2023-06-11 09:19:03,170 INFO:	encoder: re2
2023-06-11 09:19:03,170 INFO:	timestamp: 
2023-06-11 09:19:03,170 INFO:====================================
2023-06-11 09:19:03,170 INFO:============LOGGING FRONTIERS============
2023-06-11 09:19:03,172 INFO:	 total_solved_tasks_train @ iteration 1: 16 / 491
2023-06-11 09:19:03,173 INFO:	 total_solved_tasks_test @ iteration 1: 62 / 500
2023-06-11 09:19:03,173 INFO:====================================
2023-06-11 09:19:03,173 INFO:============LOGGING MODEL_FN============
2023-06-11 09:19:03,173 INFO:	iteration: 1
2023-06-11 09:19:03,173 INFO:	model_type: amortized_synthesis
2023-06-11 09:19:03,173 INFO:	task_split: train
2023-06-11 09:19:03,173 INFO:	model_fn: optimize_model_for_frontiers
2023-06-11 09:19:03,173 INFO:	params: {'recognition_train_steps': 10000}
2023-06-11 09:19:03,173 INFO:	experiment_block_type: model_fn
2023-06-11 09:19:03,173 INFO:	task_batch_size: all
2023-06-11 09:19:03,173 INFO:task_ids: 491 tasks: re2_train_489_if_there_is_any_letter_consonant_replace_that_with_b -- re2_train_432_if_the_word_ends_with_vowel_any_letter_replace_that_with_h_i
2023-06-11 09:19:03,173 INFO:====================================
2023-06-11 09:19:03,206 INFO:No pre-enumerated helmholtzFrontiers: we will sample randomly during the training loop.
2023-06-11 09:19:03,493 INFO:Attempted frontier likelihood normalization. Initial frontiers: 16. Now: 16
2023-06-11 09:19:03,493 INFO:Sampling new helmholtz frontiers during training.
2023-06-11 09:19:05,689 INFO:We now have 487 Helmholtz entries.
2023-06-11 09:19:32,793 INFO:Sampling new helmholtz frontiers during training.
2023-06-11 09:19:35,697 INFO:We now have 483 Helmholtz entries.
2023-06-11 09:20:02,606 INFO:Sampling new helmholtz frontiers during training.
2023-06-11 09:20:04,756 INFO:We now have 486 Helmholtz entries.
2023-06-11 09:20:31,923 INFO:Sampling new helmholtz frontiers during training.
2023-06-11 09:20:34,034 INFO:We now have 488 Helmholtz entries.
2023-06-11 09:21:03,392 INFO:Sampling new helmholtz frontiers during training.
2023-06-11 09:21:05,694 INFO:We now have 476 Helmholtz entries.
2023-06-11 09:21:29,699 INFO:Sampling new helmholtz frontiers during training.
2023-06-11 09:21:31,899 INFO:We now have 483 Helmholtz entries.
2023-06-11 09:21:56,415 INFO:Sampling new helmholtz frontiers during training.
2023-06-11 09:21:58,536 INFO:We now have 478 Helmholtz entries.
2023-06-11 09:22:22,710 INFO:Sampling new helmholtz frontiers during training.
2023-06-11 09:22:25,039 INFO:We now have 477 Helmholtz entries.
2023-06-11 09:22:49,203 INFO:Sampling new helmholtz frontiers during training.
2023-06-11 09:22:51,334 INFO:We now have 492 Helmholtz entries.
2023-06-11 09:23:17,286 INFO:Sampling new helmholtz frontiers during training.
2023-06-11 09:23:19,443 INFO:We now have 491 Helmholtz entries.
2023-06-11 09:23:44,766 INFO:Sampling new helmholtz frontiers during training.
2023-06-11 09:23:46,922 INFO:We now have 482 Helmholtz entries.
2023-06-11 09:23:51,662 INFO:Wrote experiments_iterative/outputs/runs_human/domains/re2_human/baseline_dreamcoder/seed_111/baseline_dreamcoder_96/1/metrics.json
2023-06-11 09:23:51,663 INFO:====================================
2023-06-11 09:23:51,663 INFO:iteration: 1
2023-06-11 09:23:51,663 INFO:amortized_synthesis : optimize_model_for_frontiers
2023-06-11 09:23:51,663 INFO:Completed in 288.488s
2023-06-11 09:23:51,663 INFO:====================================
2023-06-11 09:23:51,663 INFO:============LOGGING MODEL_FN============
2023-06-11 09:23:51,663 INFO:	iteration: 1
2023-06-11 09:23:51,663 INFO:	model_type: amortized_synthesis
2023-06-11 09:23:51,663 INFO:	task_split: train
2023-06-11 09:23:51,663 INFO:	model_fn: infer_programs_for_tasks
2023-06-11 09:23:51,663 INFO:	params: {'enumeration_timeout': 1000}
2023-06-11 09:23:51,663 INFO:	experiment_block_type: model_fn
2023-06-11 09:23:51,663 INFO:	task_batch_size: global_batch_size
2023-06-11 09:23:51,663 INFO:task_ids: 96 tasks: re2_train_28_if_the_word_starts_with_any_letter_consonant_replace_that_with_w_t -- re2_train_39_if_there_is_c_add_d_before_that
2023-06-11 09:23:51,663 INFO:====================================
2023-06-11 09:24:01,141 INFO:Beginning enumeration on a total of 96 tasks with a total of 96 CPUs.
2023-06-11 09:40:46,203 INFO:Wrote experiments_iterative/outputs/runs_human/domains/re2_human/baseline_dreamcoder/seed_111/baseline_dreamcoder_96/1/metrics.json
2023-06-11 09:40:46,203 INFO:====================================
2023-06-11 09:40:46,204 INFO:iteration: 1
2023-06-11 09:40:46,204 INFO:amortized_synthesis : infer_programs_for_tasks
2023-06-11 09:40:46,204 INFO:Completed in 1014.540s
2023-06-11 09:40:46,204 INFO:====================================
2023-06-11 09:40:46,204 INFO:============LOGGING FRONTIERS============
2023-06-11 09:40:46,205 INFO:	 total_solved_tasks_train @ iteration 1: 33 / 491
2023-06-11 09:40:46,206 INFO:	 total_solved_tasks_test @ iteration 1: 62 / 500
2023-06-11 09:40:46,206 INFO:====================================
2023-06-11 09:40:46,270 INFO:============Checkpointing frontiers to experiments_iterative/outputs/runs_human/domains/re2_human/baseline_dreamcoder/seed_111/baseline_dreamcoder_96/1/frontiers.json===========
2023-06-11 09:40:46,271 INFO:============LOGGING MODEL_FN============
2023-06-11 09:40:46,271 INFO:	iteration: 1
2023-06-11 09:40:46,271 INFO:	model_type: library_learner
2023-06-11 09:40:46,271 INFO:	model_fn: get_compressed_grammar_mdl_prior_rank
2023-06-11 09:40:46,271 INFO:	task_batch_sizes: ['all']
2023-06-11 09:40:46,271 INFO:	params: {'max_arity': 3, 'iterations': 10, 'candidates_per_iteration': 1, 'include_samples': False, 'use_mdl_program': False, 'beta_reduce_programs': True, 'update_grammar': True, 'replace_existing_abstractions': True}
2023-06-11 09:40:46,271 INFO:	experiment_block_type: model_fn
2023-06-11 09:40:46,271 INFO:	task_splits: ['train']
2023-06-11 09:40:46,271 INFO:task_ids train: 491 tasks: re2_train_489_if_there_is_any_letter_consonant_replace_that_with_b -- re2_train_432_if_the_word_ends_with_vowel_any_letter_replace_that_with_h_i
2023-06-11 09:40:46,271 INFO:====================================
2023-06-11 09:40:47,763 INFO:Updated grammar (productions=42) with 10 new abstractions.
2023-06-11 09:40:47,933 INFO:reset_task_frontiers for split: train
2023-06-11 09:40:47,938 INFO:reset_samples for split: train
2023-06-11 09:40:47,938 INFO:============Syncing to AWS S3===========
2023-06-11 09:40:47,938 INFO:aws s3 sync experiments_iterative/outputs/runs_human/domains/re2_human/baseline_dreamcoder/seed_111 s3://grandg-lilo-experiments/experiments_iterative/outputs/runs_human/domains/re2_human/baseline_dreamcoder/seed_111
2023-06-11 09:40:48,551 INFO:============LOGGING METADATA============
2023-06-11 09:40:48,551 INFO:	iteration: 2
2023-06-11 09:40:48,551 INFO:	init_frontiers_every_iteration: False
2023-06-11 09:40:48,551 INFO:	resume_checkpoint_directory: None
2023-06-11 09:40:48,552 INFO:	timestamped_experiment_id: baseline_dreamcoder_96
2023-06-11 09:40:48,552 INFO:	global_batch_size: 96
2023-06-11 09:40:48,552 INFO:	task_language_loader: re2_human
2023-06-11 09:40:48,552 INFO:	export_with_timestamp: False
2023-06-11 09:40:48,552 INFO:	log_directory: experiments_iterative/logs/runs_human/domains/re2_human/baseline_dreamcoder/seed_111/baseline_dreamcoder_96
2023-06-11 09:40:48,552 INFO:	random_seed: 111
2023-06-11 09:40:48,552 INFO:	recognition_train_steps: None
2023-06-11 09:40:48,552 INFO:	dsl_description_prefix: This is a domain-specific language for regular expressions that specify string transformations.
2023-06-11 09:40:48,552 INFO:	init_frontiers_from_checkpoint: False
2023-06-11 09:40:48,552 INFO:	init_grammar_from_checkpoint: False
2023-06-11 09:40:48,552 INFO:	random_generator: Generator(PCG64)
2023-06-11 09:40:48,552 INFO:	experiment_name: runs_human
2023-06-11 09:40:48,552 INFO:	experiment_id: baseline_dreamcoder_96
2023-06-11 09:40:48,552 INFO:	human_readable: Autogenerated iterative experiment.
2023-06-11 09:40:48,552 INFO:	curr_iteration: 0
2023-06-11 09:40:48,552 INFO:	enumeration_timeout: 1000
2023-06-11 09:40:48,552 INFO:	ocaml_special_handler: re2
2023-06-11 09:40:48,552 INFO:	tasks_loader: re2
2023-06-11 09:40:48,552 INFO:	export_directory: experiments_iterative/outputs/runs_human/domains/re2_human/baseline_dreamcoder/seed_111/baseline_dreamcoder_96
2023-06-11 09:40:48,552 INFO:	encoder: re2
2023-06-11 09:40:48,552 INFO:	timestamp: 
2023-06-11 09:40:48,552 INFO:====================================
2023-06-11 09:40:48,552 INFO:============LOGGING FRONTIERS============
2023-06-11 09:40:48,554 INFO:	 total_solved_tasks_train @ iteration 2: 33 / 491
2023-06-11 09:40:48,555 INFO:	 total_solved_tasks_test @ iteration 2: 62 / 500
2023-06-11 09:40:48,555 INFO:====================================
2023-06-11 09:40:48,555 INFO:============LOGGING MODEL_FN============
2023-06-11 09:40:48,555 INFO:	iteration: 2
2023-06-11 09:40:48,555 INFO:	model_type: amortized_synthesis
2023-06-11 09:40:48,555 INFO:	task_split: train
2023-06-11 09:40:48,556 INFO:	model_fn: optimize_model_for_frontiers
2023-06-11 09:40:48,556 INFO:	params: {'recognition_train_steps': 10000}
2023-06-11 09:40:48,556 INFO:	experiment_block_type: model_fn
2023-06-11 09:40:48,556 INFO:	task_batch_size: all
2023-06-11 09:40:48,556 INFO:task_ids: 491 tasks: re2_train_489_if_there_is_any_letter_consonant_replace_that_with_b -- re2_train_432_if_the_word_ends_with_vowel_any_letter_replace_that_with_h_i
2023-06-11 09:40:48,556 INFO:====================================
2023-06-11 09:40:48,591 INFO:No pre-enumerated helmholtzFrontiers: we will sample randomly during the training loop.
2023-06-11 09:40:49,109 INFO:Attempted frontier likelihood normalization. Initial frontiers: 33. Now: 33
2023-06-11 09:40:49,109 INFO:Sampling new helmholtz frontiers during training.
2023-06-11 09:40:50,883 INFO:We now have 491 Helmholtz entries.
2023-06-11 09:41:13,453 INFO:Sampling new helmholtz frontiers during training.
2023-06-11 09:41:15,508 INFO:We now have 483 Helmholtz entries.
2023-06-11 09:41:37,842 INFO:Sampling new helmholtz frontiers during training.
2023-06-11 09:41:39,610 INFO:We now have 491 Helmholtz entries.
2023-06-11 09:42:02,829 INFO:Sampling new helmholtz frontiers during training.
2023-06-11 09:42:04,656 INFO:We now have 493 Helmholtz entries.
2023-06-11 09:42:28,548 INFO:Sampling new helmholtz frontiers during training.
2023-06-11 09:42:30,556 INFO:We now have 490 Helmholtz entries.
2023-06-11 09:42:53,378 INFO:Sampling new helmholtz frontiers during training.
2023-06-11 09:42:55,361 INFO:We now have 492 Helmholtz entries.
2023-06-11 09:43:17,770 INFO:Sampling new helmholtz frontiers during training.
2023-06-11 09:43:19,549 INFO:We now have 492 Helmholtz entries.
2023-06-11 09:43:40,385 INFO:Sampling new helmholtz frontiers during training.
2023-06-11 09:43:42,458 INFO:We now have 483 Helmholtz entries.
2023-06-11 09:44:04,675 INFO:Sampling new helmholtz frontiers during training.
2023-06-11 09:44:06,430 INFO:We now have 485 Helmholtz entries.
2023-06-11 09:44:28,173 INFO:Sampling new helmholtz frontiers during training.
2023-06-11 09:44:29,931 INFO:We now have 490 Helmholtz entries.
2023-06-11 09:44:52,051 INFO:Sampling new helmholtz frontiers during training.
2023-06-11 09:44:53,846 INFO:We now have 488 Helmholtz entries.
2023-06-11 09:45:00,813 INFO:Wrote experiments_iterative/outputs/runs_human/domains/re2_human/baseline_dreamcoder/seed_111/baseline_dreamcoder_96/2/metrics.json
2023-06-11 09:45:00,814 INFO:====================================
2023-06-11 09:45:00,814 INFO:iteration: 2
2023-06-11 09:45:00,814 INFO:amortized_synthesis : optimize_model_for_frontiers
2023-06-11 09:45:00,814 INFO:Completed in 252.257s
2023-06-11 09:45:00,814 INFO:====================================
2023-06-11 09:45:00,814 INFO:============LOGGING MODEL_FN============
2023-06-11 09:45:00,814 INFO:	iteration: 2
2023-06-11 09:45:00,814 INFO:	model_type: amortized_synthesis
2023-06-11 09:45:00,814 INFO:	task_split: train
2023-06-11 09:45:00,814 INFO:	model_fn: infer_programs_for_tasks
2023-06-11 09:45:00,814 INFO:	params: {'enumeration_timeout': 1000}
2023-06-11 09:45:00,814 INFO:	experiment_block_type: model_fn
2023-06-11 09:45:00,814 INFO:	task_batch_size: global_batch_size
2023-06-11 09:45:00,814 INFO:task_ids: 96 tasks: re2_train_66_if_the_word_starts_with_any_letter_any_letter_add_j_before_that -- re2_train_368_if_the_word_starts_with_consonant_any_letter_add_s_before_that
2023-06-11 09:45:00,814 INFO:====================================
2023-06-11 09:45:09,833 INFO:Beginning enumeration on a total of 96 tasks with a total of 96 CPUs.
2023-06-11 10:01:54,293 INFO:Wrote experiments_iterative/outputs/runs_human/domains/re2_human/baseline_dreamcoder/seed_111/baseline_dreamcoder_96/2/metrics.json
2023-06-11 10:01:54,294 INFO:====================================
2023-06-11 10:01:54,294 INFO:iteration: 2
2023-06-11 10:01:54,294 INFO:amortized_synthesis : infer_programs_for_tasks
2023-06-11 10:01:54,294 INFO:Completed in 1013.478s
2023-06-11 10:01:54,294 INFO:====================================
2023-06-11 10:01:54,294 INFO:============LOGGING FRONTIERS============
2023-06-11 10:01:54,295 INFO:	 total_solved_tasks_train @ iteration 2: 62 / 491
2023-06-11 10:01:54,296 INFO:	 total_solved_tasks_test @ iteration 2: 62 / 500
2023-06-11 10:01:54,296 INFO:====================================
2023-06-11 10:01:54,366 INFO:============Checkpointing frontiers to experiments_iterative/outputs/runs_human/domains/re2_human/baseline_dreamcoder/seed_111/baseline_dreamcoder_96/2/frontiers.json===========
2023-06-11 10:01:54,367 INFO:============LOGGING MODEL_FN============
2023-06-11 10:01:54,367 INFO:	iteration: 2
2023-06-11 10:01:54,367 INFO:	model_type: library_learner
2023-06-11 10:01:54,367 INFO:	model_fn: get_compressed_grammar_mdl_prior_rank
2023-06-11 10:01:54,367 INFO:	task_batch_sizes: ['all']
2023-06-11 10:01:54,367 INFO:	params: {'max_arity': 3, 'iterations': 10, 'candidates_per_iteration': 1, 'include_samples': False, 'use_mdl_program': False, 'beta_reduce_programs': True, 'update_grammar': True, 'replace_existing_abstractions': True}
2023-06-11 10:01:54,367 INFO:	experiment_block_type: model_fn
2023-06-11 10:01:54,367 INFO:	task_splits: ['train']
2023-06-11 10:01:54,367 INFO:task_ids train: 491 tasks: re2_train_489_if_there_is_any_letter_consonant_replace_that_with_b -- re2_train_432_if_the_word_ends_with_vowel_any_letter_replace_that_with_h_i
2023-06-11 10:01:54,367 INFO:====================================
2023-06-11 10:01:58,281 INFO:Updated grammar (productions=42) with 10 new abstractions.
2023-06-11 10:01:58,591 INFO:reset_task_frontiers for split: train
2023-06-11 10:01:58,599 INFO:reset_samples for split: train
2023-06-11 10:01:58,599 INFO:============Syncing to AWS S3===========
2023-06-11 10:01:58,599 INFO:aws s3 sync experiments_iterative/outputs/runs_human/domains/re2_human/baseline_dreamcoder/seed_111 s3://grandg-lilo-experiments/experiments_iterative/outputs/runs_human/domains/re2_human/baseline_dreamcoder/seed_111
2023-06-11 10:01:59,234 INFO:============LOGGING METADATA============
2023-06-11 10:01:59,234 INFO:	iteration: 3
2023-06-11 10:01:59,234 INFO:	init_frontiers_every_iteration: False
2023-06-11 10:01:59,234 INFO:	resume_checkpoint_directory: None
2023-06-11 10:01:59,234 INFO:	timestamped_experiment_id: baseline_dreamcoder_96
2023-06-11 10:01:59,234 INFO:	global_batch_size: 96
2023-06-11 10:01:59,234 INFO:	task_language_loader: re2_human
2023-06-11 10:01:59,234 INFO:	export_with_timestamp: False
2023-06-11 10:01:59,234 INFO:	log_directory: experiments_iterative/logs/runs_human/domains/re2_human/baseline_dreamcoder/seed_111/baseline_dreamcoder_96
2023-06-11 10:01:59,234 INFO:	random_seed: 111
2023-06-11 10:01:59,234 INFO:	recognition_train_steps: None
2023-06-11 10:01:59,234 INFO:	dsl_description_prefix: This is a domain-specific language for regular expressions that specify string transformations.
2023-06-11 10:01:59,234 INFO:	init_frontiers_from_checkpoint: False
2023-06-11 10:01:59,234 INFO:	init_grammar_from_checkpoint: False
2023-06-11 10:01:59,234 INFO:	random_generator: Generator(PCG64)
2023-06-11 10:01:59,234 INFO:	experiment_name: runs_human
2023-06-11 10:01:59,235 INFO:	experiment_id: baseline_dreamcoder_96
2023-06-11 10:01:59,235 INFO:	human_readable: Autogenerated iterative experiment.
2023-06-11 10:01:59,235 INFO:	curr_iteration: 0
2023-06-11 10:01:59,235 INFO:	enumeration_timeout: 1000
2023-06-11 10:01:59,235 INFO:	ocaml_special_handler: re2
2023-06-11 10:01:59,235 INFO:	tasks_loader: re2
2023-06-11 10:01:59,235 INFO:	export_directory: experiments_iterative/outputs/runs_human/domains/re2_human/baseline_dreamcoder/seed_111/baseline_dreamcoder_96
2023-06-11 10:01:59,235 INFO:	encoder: re2
2023-06-11 10:01:59,235 INFO:	timestamp: 
2023-06-11 10:01:59,235 INFO:====================================
2023-06-11 10:01:59,235 INFO:============LOGGING FRONTIERS============
2023-06-11 10:01:59,237 INFO:	 total_solved_tasks_train @ iteration 3: 62 / 491
2023-06-11 10:01:59,238 INFO:	 total_solved_tasks_test @ iteration 3: 62 / 500
2023-06-11 10:01:59,238 INFO:====================================
2023-06-11 10:01:59,238 INFO:============LOGGING MODEL_FN============
2023-06-11 10:01:59,238 INFO:	iteration: 3
2023-06-11 10:01:59,238 INFO:	model_type: amortized_synthesis
2023-06-11 10:01:59,238 INFO:	task_split: train
2023-06-11 10:01:59,238 INFO:	model_fn: optimize_model_for_frontiers
2023-06-11 10:01:59,238 INFO:	params: {'recognition_train_steps': 10000}
2023-06-11 10:01:59,238 INFO:	experiment_block_type: model_fn
2023-06-11 10:01:59,238 INFO:	task_batch_size: all
2023-06-11 10:01:59,238 INFO:task_ids: 491 tasks: re2_train_489_if_there_is_any_letter_consonant_replace_that_with_b -- re2_train_432_if_the_word_ends_with_vowel_any_letter_replace_that_with_h_i
2023-06-11 10:01:59,238 INFO:====================================
2023-06-11 10:01:59,275 INFO:No pre-enumerated helmholtzFrontiers: we will sample randomly during the training loop.
2023-06-11 10:02:00,442 INFO:Attempted frontier likelihood normalization. Initial frontiers: 62. Now: 62
2023-06-11 10:02:00,442 INFO:Sampling new helmholtz frontiers during training.
2023-06-11 10:02:02,452 INFO:We now have 486 Helmholtz entries.
2023-06-11 10:02:26,779 INFO:Sampling new helmholtz frontiers during training.
2023-06-11 10:02:28,537 INFO:We now have 490 Helmholtz entries.
2023-06-11 10:02:51,883 INFO:Sampling new helmholtz frontiers during training.
2023-06-11 10:02:53,599 INFO:We now have 486 Helmholtz entries.
2023-06-11 10:03:16,545 INFO:Sampling new helmholtz frontiers during training.
2023-06-11 10:03:18,404 INFO:We now have 492 Helmholtz entries.
2023-06-11 10:03:41,735 INFO:Sampling new helmholtz frontiers during training.
2023-06-11 10:03:43,356 INFO:We now have 492 Helmholtz entries.
2023-06-11 10:04:05,956 INFO:Sampling new helmholtz frontiers during training.
2023-06-11 10:04:07,680 INFO:We now have 490 Helmholtz entries.
2023-06-11 10:04:32,082 INFO:Sampling new helmholtz frontiers during training.
2023-06-11 10:04:34,025 INFO:We now have 496 Helmholtz entries.
2023-06-11 10:04:57,585 INFO:Sampling new helmholtz frontiers during training.
2023-06-11 10:04:59,496 INFO:We now have 489 Helmholtz entries.
2023-06-11 10:05:22,666 INFO:Sampling new helmholtz frontiers during training.
2023-06-11 10:05:24,318 INFO:We now have 495 Helmholtz entries.
2023-06-11 10:05:49,035 INFO:Sampling new helmholtz frontiers during training.
2023-06-11 10:05:50,672 INFO:We now have 494 Helmholtz entries.
2023-06-11 10:06:13,300 INFO:Sampling new helmholtz frontiers during training.
2023-06-11 10:06:14,977 INFO:We now have 493 Helmholtz entries.
2023-06-11 10:06:19,130 INFO:Wrote experiments_iterative/outputs/runs_human/domains/re2_human/baseline_dreamcoder/seed_111/baseline_dreamcoder_96/3/metrics.json
2023-06-11 10:06:19,130 INFO:====================================
2023-06-11 10:06:19,130 INFO:iteration: 3
2023-06-11 10:06:19,130 INFO:amortized_synthesis : optimize_model_for_frontiers
2023-06-11 10:06:19,131 INFO:Completed in 259.891s
2023-06-11 10:06:19,131 INFO:====================================
2023-06-11 10:06:19,131 INFO:============LOGGING MODEL_FN============
2023-06-11 10:06:19,131 INFO:	iteration: 3
2023-06-11 10:06:19,131 INFO:	model_type: amortized_synthesis
2023-06-11 10:06:19,131 INFO:	task_split: train
2023-06-11 10:06:19,131 INFO:	model_fn: infer_programs_for_tasks
2023-06-11 10:06:19,131 INFO:	params: {'enumeration_timeout': 1000}
2023-06-11 10:06:19,131 INFO:	experiment_block_type: model_fn
2023-06-11 10:06:19,131 INFO:	task_batch_size: global_batch_size
2023-06-11 10:06:19,131 INFO:task_ids: 96 tasks: re2_train_3_if_there_is_d_replace_that_with_y -- re2_train_314_if_the_word_starts_with_vowel_add_l_after_that
2023-06-11 10:06:19,131 INFO:====================================
2023-06-11 10:06:29,599 INFO:Beginning enumeration on a total of 96 tasks with a total of 96 CPUs.
2023-06-11 10:23:14,311 INFO:Wrote experiments_iterative/outputs/runs_human/domains/re2_human/baseline_dreamcoder/seed_111/baseline_dreamcoder_96/3/metrics.json
2023-06-11 10:23:14,311 INFO:====================================
2023-06-11 10:23:14,311 INFO:iteration: 3
2023-06-11 10:23:14,311 INFO:amortized_synthesis : infer_programs_for_tasks
2023-06-11 10:23:14,311 INFO:Completed in 1015.179s
2023-06-11 10:23:14,311 INFO:====================================
2023-06-11 10:23:14,311 INFO:============LOGGING FRONTIERS============
2023-06-11 10:23:14,313 INFO:	 total_solved_tasks_train @ iteration 3: 91 / 491
2023-06-11 10:23:14,313 INFO:	 total_solved_tasks_test @ iteration 3: 62 / 500
2023-06-11 10:23:14,313 INFO:====================================
2023-06-11 10:23:14,317 INFO:reset_task_frontiers for split: test
2023-06-11 10:23:14,317 INFO:============LOGGING MODEL_FN============
2023-06-11 10:23:14,317 INFO:	iteration: 3
2023-06-11 10:23:14,317 INFO:	model_type: amortized_synthesis
2023-06-11 10:23:14,317 INFO:	task_split: test
2023-06-11 10:23:14,317 INFO:	run_every_n_iterations: 3
2023-06-11 10:23:14,317 INFO:	model_fn: infer_programs_for_tasks
2023-06-11 10:23:14,317 INFO:	params: {'enumeration_timeout': 1000}
2023-06-11 10:23:14,317 INFO:	experiment_block_type: model_fn
2023-06-11 10:23:14,318 INFO:	task_batch_size: all
2023-06-11 10:23:14,318 INFO:task_ids: 500 tasks: re2_test_0_if_the_word_ends_with_s_replace_that_with_m -- re2_test_499_if_there_is_consonant_replace_that_with_q_f
2023-06-11 10:23:14,318 INFO:====================================
2023-06-11 10:24:09,821 INFO:Beginning enumeration on a total of 500 tasks with a total of 96 CPUs.
2023-06-11 11:32:25,558 INFO:Wrote experiments_iterative/outputs/runs_human/domains/re2_human/baseline_dreamcoder/seed_111/baseline_dreamcoder_96/3/metrics.json
2023-06-11 11:32:25,558 INFO:====================================
2023-06-11 11:32:25,558 INFO:iteration: 3
2023-06-11 11:32:25,558 INFO:amortized_synthesis : infer_programs_for_tasks
2023-06-11 11:32:25,558 INFO:Completed in 4151.239s
2023-06-11 11:32:25,558 INFO:====================================
2023-06-11 11:32:25,558 INFO:============LOGGING FRONTIERS============
2023-06-11 11:32:25,561 INFO:	 total_solved_tasks_train @ iteration 3: 91 / 491
2023-06-11 11:32:25,562 INFO:	 total_solved_tasks_test @ iteration 3: 207 / 500
2023-06-11 11:32:25,562 INFO:====================================
2023-06-11 11:32:25,562 INFO:============LOGGING MODEL_FN============
2023-06-11 11:32:25,562 INFO:	iteration: 3
2023-06-11 11:32:25,562 INFO:	model_type: grammar
2023-06-11 11:32:25,562 INFO:	run_every_n_iterations: 3
2023-06-11 11:32:25,562 INFO:	model_fn: evaluate_frontiers
2023-06-11 11:32:25,562 INFO:	task_batch_sizes: ['all']
2023-06-11 11:32:25,562 INFO:	params: {'compute_likelihoods': True, 'compute_description_lengths': True, 'save_filename': 'test_likelihoods.json'}
2023-06-11 11:32:25,562 INFO:	experiment_block_type: model_fn
2023-06-11 11:32:25,562 INFO:	task_splits: ['test']
2023-06-11 11:32:25,562 INFO:task_ids test: 500 tasks: re2_test_0_if_the_word_ends_with_s_replace_that_with_m -- re2_test_499_if_there_is_consonant_replace_that_with_q_f
2023-06-11 11:32:25,562 INFO:====================================
2023-06-11 11:32:26,493 INFO:EVALUATION: evaluate_frontiers : mean log likelihood of 207 programs in splits: ['test'] is: -17.472631159421613
2023-06-11 11:32:26,493 INFO:EVALUATION: evaluate_frontiers : mean description length of 207 programs in splits: ['test'] is: 6.558373590982287
2023-06-11 11:32:26,583 INFO:============Checkpointing frontiers to experiments_iterative/outputs/runs_human/domains/re2_human/baseline_dreamcoder/seed_111/baseline_dreamcoder_96/3/frontiers.json===========
2023-06-11 11:32:26,584 INFO:============LOGGING MODEL_FN============
2023-06-11 11:32:26,585 INFO:	iteration: 3
2023-06-11 11:32:26,585 INFO:	model_type: library_learner
2023-06-11 11:32:26,585 INFO:	model_fn: get_compressed_grammar_mdl_prior_rank
2023-06-11 11:32:26,585 INFO:	task_batch_sizes: ['all']
2023-06-11 11:32:26,585 INFO:	params: {'max_arity': 3, 'iterations': 10, 'candidates_per_iteration': 1, 'include_samples': False, 'use_mdl_program': False, 'beta_reduce_programs': True, 'update_grammar': True, 'replace_existing_abstractions': True}
2023-06-11 11:32:26,585 INFO:	experiment_block_type: model_fn
2023-06-11 11:32:26,585 INFO:	task_splits: ['train']
2023-06-11 11:32:26,585 INFO:task_ids train: 491 tasks: re2_train_489_if_there_is_any_letter_consonant_replace_that_with_b -- re2_train_432_if_the_word_ends_with_vowel_any_letter_replace_that_with_h_i
2023-06-11 11:32:26,585 INFO:====================================
2023-06-11 11:32:33,307 INFO:Updated grammar (productions=42) with 10 new abstractions.
2023-06-11 11:32:33,782 INFO:reset_task_frontiers for split: train
2023-06-11 11:32:33,796 INFO:reset_samples for split: train
2023-06-11 11:32:33,796 INFO:============Syncing to AWS S3===========
2023-06-11 11:32:33,796 INFO:aws s3 sync experiments_iterative/outputs/runs_human/domains/re2_human/baseline_dreamcoder/seed_111 s3://grandg-lilo-experiments/experiments_iterative/outputs/runs_human/domains/re2_human/baseline_dreamcoder/seed_111
2023-06-11 11:32:34,426 INFO:============LOGGING METADATA============
2023-06-11 11:32:34,427 INFO:	iteration: 4
2023-06-11 11:32:34,427 INFO:	init_frontiers_every_iteration: False
2023-06-11 11:32:34,427 INFO:	resume_checkpoint_directory: None
2023-06-11 11:32:34,427 INFO:	timestamped_experiment_id: baseline_dreamcoder_96
2023-06-11 11:32:34,427 INFO:	global_batch_size: 96
2023-06-11 11:32:34,427 INFO:	task_language_loader: re2_human
2023-06-11 11:32:34,427 INFO:	export_with_timestamp: False
2023-06-11 11:32:34,427 INFO:	log_directory: experiments_iterative/logs/runs_human/domains/re2_human/baseline_dreamcoder/seed_111/baseline_dreamcoder_96
2023-06-11 11:32:34,427 INFO:	random_seed: 111
2023-06-11 11:32:34,427 INFO:	recognition_train_steps: None
2023-06-11 11:32:34,427 INFO:	dsl_description_prefix: This is a domain-specific language for regular expressions that specify string transformations.
2023-06-11 11:32:34,427 INFO:	init_frontiers_from_checkpoint: False
2023-06-11 11:32:34,427 INFO:	init_grammar_from_checkpoint: False
2023-06-11 11:32:34,427 INFO:	random_generator: Generator(PCG64)
2023-06-11 11:32:34,427 INFO:	experiment_name: runs_human
2023-06-11 11:32:34,427 INFO:	experiment_id: baseline_dreamcoder_96
2023-06-11 11:32:34,427 INFO:	human_readable: Autogenerated iterative experiment.
2023-06-11 11:32:34,427 INFO:	curr_iteration: 0
2023-06-11 11:32:34,427 INFO:	enumeration_timeout: 1000
2023-06-11 11:32:34,427 INFO:	ocaml_special_handler: re2
2023-06-11 11:32:34,427 INFO:	tasks_loader: re2
2023-06-11 11:32:34,427 INFO:	export_directory: experiments_iterative/outputs/runs_human/domains/re2_human/baseline_dreamcoder/seed_111/baseline_dreamcoder_96
2023-06-11 11:32:34,427 INFO:	encoder: re2
2023-06-11 11:32:34,427 INFO:	timestamp: 
2023-06-11 11:32:34,427 INFO:====================================
2023-06-11 11:32:34,427 INFO:============LOGGING FRONTIERS============
2023-06-11 11:32:34,430 INFO:	 total_solved_tasks_train @ iteration 4: 91 / 491
2023-06-11 11:32:34,431 INFO:	 total_solved_tasks_test @ iteration 4: 207 / 500
2023-06-11 11:32:34,431 INFO:====================================
2023-06-11 11:32:34,431 INFO:============LOGGING MODEL_FN============
2023-06-11 11:32:34,431 INFO:	iteration: 4
2023-06-11 11:32:34,432 INFO:	model_type: amortized_synthesis
2023-06-11 11:32:34,432 INFO:	task_split: train
2023-06-11 11:32:34,432 INFO:	model_fn: optimize_model_for_frontiers
2023-06-11 11:32:34,432 INFO:	params: {'recognition_train_steps': 10000}
2023-06-11 11:32:34,432 INFO:	experiment_block_type: model_fn
2023-06-11 11:32:34,432 INFO:	task_batch_size: all
2023-06-11 11:32:34,432 INFO:task_ids: 491 tasks: re2_train_489_if_there_is_any_letter_consonant_replace_that_with_b -- re2_train_432_if_the_word_ends_with_vowel_any_letter_replace_that_with_h_i
2023-06-11 11:32:34,432 INFO:====================================
2023-06-11 11:32:34,474 INFO:No pre-enumerated helmholtzFrontiers: we will sample randomly during the training loop.
2023-06-11 11:32:35,929 INFO:Attempted frontier likelihood normalization. Initial frontiers: 91. Now: 91
2023-06-11 11:32:35,929 INFO:Sampling new helmholtz frontiers during training.
2023-06-11 11:32:37,422 INFO:We now have 497 Helmholtz entries.
2023-06-11 11:33:01,466 INFO:Sampling new helmholtz frontiers during training.
2023-06-11 11:33:02,956 INFO:We now have 499 Helmholtz entries.
2023-06-11 11:33:24,724 INFO:Sampling new helmholtz frontiers during training.
2023-06-11 11:33:26,274 INFO:We now have 496 Helmholtz entries.
2023-06-11 11:33:48,405 INFO:Sampling new helmholtz frontiers during training.
2023-06-11 11:33:49,970 INFO:We now have 498 Helmholtz entries.
2023-06-11 11:34:11,406 INFO:Sampling new helmholtz frontiers during training.
2023-06-11 11:34:12,925 INFO:We now have 496 Helmholtz entries.
2023-06-11 11:34:35,629 INFO:Sampling new helmholtz frontiers during training.
2023-06-11 11:34:37,298 INFO:We now have 494 Helmholtz entries.
2023-06-11 11:34:59,861 INFO:Sampling new helmholtz frontiers during training.
2023-06-11 11:35:01,701 INFO:We now have 498 Helmholtz entries.
2023-06-11 11:35:25,169 INFO:Sampling new helmholtz frontiers during training.
2023-06-11 11:35:26,654 INFO:We now have 496 Helmholtz entries.
2023-06-11 11:35:48,012 INFO:Sampling new helmholtz frontiers during training.
2023-06-11 11:35:49,801 INFO:We now have 498 Helmholtz entries.
2023-06-11 11:36:12,470 INFO:Sampling new helmholtz frontiers during training.
2023-06-11 11:36:14,261 INFO:We now have 496 Helmholtz entries.
2023-06-11 11:36:36,467 INFO:Sampling new helmholtz frontiers during training.
2023-06-11 11:36:38,026 INFO:We now have 498 Helmholtz entries.
2023-06-11 11:36:41,042 INFO:Wrote experiments_iterative/outputs/runs_human/domains/re2_human/baseline_dreamcoder/seed_111/baseline_dreamcoder_96/4/metrics.json
2023-06-11 11:36:41,042 INFO:====================================
2023-06-11 11:36:41,042 INFO:iteration: 4
2023-06-11 11:36:41,042 INFO:amortized_synthesis : optimize_model_for_frontiers
2023-06-11 11:36:41,042 INFO:Completed in 246.609s
2023-06-11 11:36:41,042 INFO:====================================
2023-06-11 11:36:41,042 INFO:============LOGGING MODEL_FN============
2023-06-11 11:36:41,042 INFO:	iteration: 4
2023-06-11 11:36:41,042 INFO:	model_type: amortized_synthesis
2023-06-11 11:36:41,042 INFO:	task_split: train
2023-06-11 11:36:41,042 INFO:	model_fn: infer_programs_for_tasks
2023-06-11 11:36:41,042 INFO:	params: {'enumeration_timeout': 1000}
2023-06-11 11:36:41,042 INFO:	experiment_block_type: model_fn
2023-06-11 11:36:41,042 INFO:	task_batch_size: global_batch_size
2023-06-11 11:36:41,042 INFO:task_ids: 96 tasks: re2_train_300_if_there_is_n_replace_that_with_g -- re2_train_423_if_there_is_consonant_l_replace_that_with_m_x
2023-06-11 11:36:41,042 INFO:====================================
2023-06-11 11:36:51,218 INFO:Beginning enumeration on a total of 96 tasks with a total of 96 CPUs.
2023-06-11 11:53:38,370 INFO:Wrote experiments_iterative/outputs/runs_human/domains/re2_human/baseline_dreamcoder/seed_111/baseline_dreamcoder_96/4/metrics.json
2023-06-11 11:53:38,370 INFO:====================================
2023-06-11 11:53:38,370 INFO:iteration: 4
2023-06-11 11:53:38,370 INFO:amortized_synthesis : infer_programs_for_tasks
2023-06-11 11:53:38,370 INFO:Completed in 1017.327s
2023-06-11 11:53:38,370 INFO:====================================
2023-06-11 11:53:38,370 INFO:============LOGGING FRONTIERS============
2023-06-11 11:53:38,372 INFO:	 total_solved_tasks_train @ iteration 4: 127 / 491
2023-06-11 11:53:38,373 INFO:	 total_solved_tasks_test @ iteration 4: 207 / 500
2023-06-11 11:53:38,373 INFO:====================================
2023-06-11 11:53:38,469 INFO:============Checkpointing frontiers to experiments_iterative/outputs/runs_human/domains/re2_human/baseline_dreamcoder/seed_111/baseline_dreamcoder_96/4/frontiers.json===========
2023-06-11 11:53:38,470 INFO:============LOGGING MODEL_FN============
2023-06-11 11:53:38,470 INFO:	iteration: 4
2023-06-11 11:53:38,470 INFO:	model_type: library_learner
2023-06-11 11:53:38,470 INFO:	model_fn: get_compressed_grammar_mdl_prior_rank
2023-06-11 11:53:38,470 INFO:	task_batch_sizes: ['all']
2023-06-11 11:53:38,470 INFO:	params: {'max_arity': 3, 'iterations': 10, 'candidates_per_iteration': 1, 'include_samples': False, 'use_mdl_program': False, 'beta_reduce_programs': True, 'update_grammar': True, 'replace_existing_abstractions': True}
2023-06-11 11:53:38,470 INFO:	experiment_block_type: model_fn
2023-06-11 11:53:38,470 INFO:	task_splits: ['train']
2023-06-11 11:53:38,470 INFO:task_ids train: 491 tasks: re2_train_489_if_there_is_any_letter_consonant_replace_that_with_b -- re2_train_432_if_the_word_ends_with_vowel_any_letter_replace_that_with_h_i
2023-06-11 11:53:38,470 INFO:====================================
2023-06-11 11:53:48,817 INFO:Updated grammar (productions=42) with 10 new abstractions.
2023-06-11 11:53:49,506 INFO:reset_task_frontiers for split: train
2023-06-11 11:53:49,525 INFO:reset_samples for split: train
2023-06-11 11:53:49,525 INFO:============Syncing to AWS S3===========
2023-06-11 11:53:49,525 INFO:aws s3 sync experiments_iterative/outputs/runs_human/domains/re2_human/baseline_dreamcoder/seed_111 s3://grandg-lilo-experiments/experiments_iterative/outputs/runs_human/domains/re2_human/baseline_dreamcoder/seed_111
2023-06-11 11:53:50,164 INFO:============LOGGING METADATA============
2023-06-11 11:53:50,164 INFO:	iteration: 5
2023-06-11 11:53:50,164 INFO:	init_frontiers_every_iteration: False
2023-06-11 11:53:50,164 INFO:	resume_checkpoint_directory: None
2023-06-11 11:53:50,164 INFO:	timestamped_experiment_id: baseline_dreamcoder_96
2023-06-11 11:53:50,164 INFO:	global_batch_size: 96
2023-06-11 11:53:50,164 INFO:	task_language_loader: re2_human
2023-06-11 11:53:50,165 INFO:	export_with_timestamp: False
2023-06-11 11:53:50,165 INFO:	log_directory: experiments_iterative/logs/runs_human/domains/re2_human/baseline_dreamcoder/seed_111/baseline_dreamcoder_96
2023-06-11 11:53:50,165 INFO:	random_seed: 111
2023-06-11 11:53:50,165 INFO:	recognition_train_steps: None
2023-06-11 11:53:50,165 INFO:	dsl_description_prefix: This is a domain-specific language for regular expressions that specify string transformations.
2023-06-11 11:53:50,165 INFO:	init_frontiers_from_checkpoint: False
2023-06-11 11:53:50,165 INFO:	init_grammar_from_checkpoint: False
2023-06-11 11:53:50,165 INFO:	random_generator: Generator(PCG64)
2023-06-11 11:53:50,165 INFO:	experiment_name: runs_human
2023-06-11 11:53:50,165 INFO:	experiment_id: baseline_dreamcoder_96
2023-06-11 11:53:50,165 INFO:	human_readable: Autogenerated iterative experiment.
2023-06-11 11:53:50,165 INFO:	curr_iteration: 0
2023-06-11 11:53:50,165 INFO:	enumeration_timeout: 1000
2023-06-11 11:53:50,165 INFO:	ocaml_special_handler: re2
2023-06-11 11:53:50,165 INFO:	tasks_loader: re2
2023-06-11 11:53:50,165 INFO:	export_directory: experiments_iterative/outputs/runs_human/domains/re2_human/baseline_dreamcoder/seed_111/baseline_dreamcoder_96
2023-06-11 11:53:50,165 INFO:	encoder: re2
2023-06-11 11:53:50,165 INFO:	timestamp: 
2023-06-11 11:53:50,165 INFO:====================================
2023-06-11 11:53:50,165 INFO:============LOGGING FRONTIERS============
2023-06-11 11:53:50,168 INFO:	 total_solved_tasks_train @ iteration 5: 127 / 491
2023-06-11 11:53:50,169 INFO:	 total_solved_tasks_test @ iteration 5: 207 / 500
2023-06-11 11:53:50,169 INFO:====================================
2023-06-11 11:53:50,169 INFO:============LOGGING MODEL_FN============
2023-06-11 11:53:50,169 INFO:	iteration: 5
2023-06-11 11:53:50,169 INFO:	model_type: amortized_synthesis
2023-06-11 11:53:50,169 INFO:	task_split: train
2023-06-11 11:53:50,169 INFO:	model_fn: optimize_model_for_frontiers
2023-06-11 11:53:50,169 INFO:	params: {'recognition_train_steps': 10000}
2023-06-11 11:53:50,169 INFO:	experiment_block_type: model_fn
2023-06-11 11:53:50,169 INFO:	task_batch_size: all
2023-06-11 11:53:50,169 INFO:task_ids: 491 tasks: re2_train_489_if_there_is_any_letter_consonant_replace_that_with_b -- re2_train_432_if_the_word_ends_with_vowel_any_letter_replace_that_with_h_i
2023-06-11 11:53:50,169 INFO:====================================
2023-06-11 11:53:50,212 INFO:No pre-enumerated helmholtzFrontiers: we will sample randomly during the training loop.
2023-06-11 11:53:52,713 INFO:Attempted frontier likelihood normalization. Initial frontiers: 127. Now: 127
2023-06-11 11:53:52,792 INFO:Sampling new helmholtz frontiers during training.
2023-06-11 11:53:54,350 INFO:We now have 499 Helmholtz entries.
2023-06-11 11:54:19,578 INFO:Sampling new helmholtz frontiers during training.
2023-06-11 11:54:21,060 INFO:We now have 493 Helmholtz entries.
2023-06-11 11:54:42,380 INFO:Sampling new helmholtz frontiers during training.
2023-06-11 11:54:43,766 INFO:We now have 500 Helmholtz entries.
2023-06-11 11:55:06,466 INFO:Sampling new helmholtz frontiers during training.
2023-06-11 11:55:07,989 INFO:We now have 496 Helmholtz entries.
2023-06-11 11:55:30,142 INFO:Sampling new helmholtz frontiers during training.
2023-06-11 11:55:31,580 INFO:We now have 498 Helmholtz entries.
2023-06-11 11:55:54,221 INFO:Sampling new helmholtz frontiers during training.
2023-06-11 11:55:55,616 INFO:We now have 499 Helmholtz entries.
2023-06-11 11:56:16,480 INFO:Sampling new helmholtz frontiers during training.
2023-06-11 11:56:17,892 INFO:We now have 497 Helmholtz entries.
2023-06-11 11:56:40,161 INFO:Sampling new helmholtz frontiers during training.
2023-06-11 11:56:41,585 INFO:We now have 496 Helmholtz entries.
2023-06-11 11:57:04,575 INFO:Sampling new helmholtz frontiers during training.
2023-06-11 11:57:06,122 INFO:We now have 499 Helmholtz entries.
2023-06-11 11:57:27,679 INFO:Sampling new helmholtz frontiers during training.
2023-06-11 11:57:29,270 INFO:We now have 497 Helmholtz entries.
2023-06-11 11:57:51,529 INFO:Sampling new helmholtz frontiers during training.
2023-06-11 11:57:52,962 INFO:We now have 499 Helmholtz entries.
2023-06-11 11:57:56,372 INFO:Wrote experiments_iterative/outputs/runs_human/domains/re2_human/baseline_dreamcoder/seed_111/baseline_dreamcoder_96/5/metrics.json
2023-06-11 11:57:56,372 INFO:====================================
2023-06-11 11:57:56,372 INFO:iteration: 5
2023-06-11 11:57:56,372 INFO:amortized_synthesis : optimize_model_for_frontiers
2023-06-11 11:57:56,372 INFO:Completed in 246.202s
2023-06-11 11:57:56,372 INFO:====================================
2023-06-11 11:57:56,372 INFO:============LOGGING MODEL_FN============
2023-06-11 11:57:56,372 INFO:	iteration: 5
2023-06-11 11:57:56,373 INFO:	model_type: amortized_synthesis
2023-06-11 11:57:56,373 INFO:	task_split: train
2023-06-11 11:57:56,373 INFO:	model_fn: infer_programs_for_tasks
2023-06-11 11:57:56,373 INFO:	params: {'enumeration_timeout': 1000}
2023-06-11 11:57:56,373 INFO:	experiment_block_type: model_fn
2023-06-11 11:57:56,373 INFO:	task_batch_size: global_batch_size
2023-06-11 11:57:56,373 INFO:task_ids: 96 tasks: re2_train_322_if_the_word_starts_with_any_letter_replace_that_with_g_b -- re2_train_275_if_the_word_ends_with_consonant_replace_that_with_r
2023-06-11 11:57:56,373 INFO:====================================
2023-06-11 11:58:08,528 INFO:Beginning enumeration on a total of 96 tasks with a total of 96 CPUs.
2023-06-11 12:14:55,368 INFO:Wrote experiments_iterative/outputs/runs_human/domains/re2_human/baseline_dreamcoder/seed_111/baseline_dreamcoder_96/5/metrics.json
2023-06-11 12:14:55,368 INFO:====================================
2023-06-11 12:14:55,368 INFO:iteration: 5
2023-06-11 12:14:55,368 INFO:amortized_synthesis : infer_programs_for_tasks
2023-06-11 12:14:55,368 INFO:Completed in 1018.994s
2023-06-11 12:14:55,368 INFO:====================================
2023-06-11 12:14:55,368 INFO:============LOGGING FRONTIERS============
2023-06-11 12:14:55,370 INFO:	 total_solved_tasks_train @ iteration 5: 152 / 491
2023-06-11 12:14:55,371 INFO:	 total_solved_tasks_test @ iteration 5: 207 / 500
2023-06-11 12:14:55,371 INFO:====================================
2023-06-11 12:14:55,468 INFO:============Checkpointing frontiers to experiments_iterative/outputs/runs_human/domains/re2_human/baseline_dreamcoder/seed_111/baseline_dreamcoder_96/5/frontiers.json===========
2023-06-11 12:14:55,469 INFO:============LOGGING MODEL_FN============
2023-06-11 12:14:55,469 INFO:	iteration: 5
2023-06-11 12:14:55,469 INFO:	model_type: library_learner
2023-06-11 12:14:55,469 INFO:	model_fn: get_compressed_grammar_mdl_prior_rank
2023-06-11 12:14:55,469 INFO:	task_batch_sizes: ['all']
2023-06-11 12:14:55,469 INFO:	params: {'max_arity': 3, 'iterations': 10, 'candidates_per_iteration': 1, 'include_samples': False, 'use_mdl_program': False, 'beta_reduce_programs': True, 'update_grammar': True, 'replace_existing_abstractions': True}
2023-06-11 12:14:55,469 INFO:	experiment_block_type: model_fn
2023-06-11 12:14:55,469 INFO:	task_splits: ['train']
2023-06-11 12:14:55,469 INFO:task_ids train: 491 tasks: re2_train_489_if_there_is_any_letter_consonant_replace_that_with_b -- re2_train_432_if_the_word_ends_with_vowel_any_letter_replace_that_with_h_i
2023-06-11 12:14:55,469 INFO:====================================
2023-06-11 12:15:08,726 INFO:Updated grammar (productions=42) with 10 new abstractions.
2023-06-11 12:15:09,526 INFO:reset_task_frontiers for split: train
2023-06-11 12:15:09,549 INFO:reset_samples for split: train
2023-06-11 12:15:09,549 INFO:============Syncing to AWS S3===========
2023-06-11 12:15:09,549 INFO:aws s3 sync experiments_iterative/outputs/runs_human/domains/re2_human/baseline_dreamcoder/seed_111 s3://grandg-lilo-experiments/experiments_iterative/outputs/runs_human/domains/re2_human/baseline_dreamcoder/seed_111
2023-06-11 12:15:10,225 INFO:============LOGGING METADATA============
2023-06-11 12:15:10,225 INFO:	iteration: 6
2023-06-11 12:15:10,225 INFO:	init_frontiers_every_iteration: False
2023-06-11 12:15:10,225 INFO:	resume_checkpoint_directory: None
2023-06-11 12:15:10,225 INFO:	timestamped_experiment_id: baseline_dreamcoder_96
2023-06-11 12:15:10,225 INFO:	global_batch_size: 96
2023-06-11 12:15:10,225 INFO:	task_language_loader: re2_human
2023-06-11 12:15:10,225 INFO:	export_with_timestamp: False
2023-06-11 12:15:10,225 INFO:	log_directory: experiments_iterative/logs/runs_human/domains/re2_human/baseline_dreamcoder/seed_111/baseline_dreamcoder_96
2023-06-11 12:15:10,225 INFO:	random_seed: 111
2023-06-11 12:15:10,225 INFO:	recognition_train_steps: None
2023-06-11 12:15:10,225 INFO:	dsl_description_prefix: This is a domain-specific language for regular expressions that specify string transformations.
2023-06-11 12:15:10,225 INFO:	init_frontiers_from_checkpoint: False
2023-06-11 12:15:10,225 INFO:	init_grammar_from_checkpoint: False
2023-06-11 12:15:10,226 INFO:	random_generator: Generator(PCG64)
2023-06-11 12:15:10,226 INFO:	experiment_name: runs_human
2023-06-11 12:15:10,226 INFO:	experiment_id: baseline_dreamcoder_96
2023-06-11 12:15:10,226 INFO:	human_readable: Autogenerated iterative experiment.
2023-06-11 12:15:10,226 INFO:	curr_iteration: 0
2023-06-11 12:15:10,226 INFO:	enumeration_timeout: 1000
2023-06-11 12:15:10,226 INFO:	ocaml_special_handler: re2
2023-06-11 12:15:10,226 INFO:	tasks_loader: re2
2023-06-11 12:15:10,226 INFO:	export_directory: experiments_iterative/outputs/runs_human/domains/re2_human/baseline_dreamcoder/seed_111/baseline_dreamcoder_96
2023-06-11 12:15:10,226 INFO:	encoder: re2
2023-06-11 12:15:10,226 INFO:	timestamp: 
2023-06-11 12:15:10,226 INFO:====================================
2023-06-11 12:15:10,226 INFO:============LOGGING FRONTIERS============
2023-06-11 12:15:10,228 INFO:	 total_solved_tasks_train @ iteration 6: 152 / 491
2023-06-11 12:15:10,229 INFO:	 total_solved_tasks_test @ iteration 6: 207 / 500
2023-06-11 12:15:10,230 INFO:====================================
2023-06-11 12:15:10,230 INFO:============LOGGING MODEL_FN============
2023-06-11 12:15:10,230 INFO:	iteration: 6
2023-06-11 12:15:10,230 INFO:	model_type: amortized_synthesis
2023-06-11 12:15:10,230 INFO:	task_split: train
2023-06-11 12:15:10,230 INFO:	model_fn: optimize_model_for_frontiers
2023-06-11 12:15:10,230 INFO:	params: {'recognition_train_steps': 10000}
2023-06-11 12:15:10,230 INFO:	experiment_block_type: model_fn
2023-06-11 12:15:10,230 INFO:	task_batch_size: all
2023-06-11 12:15:10,230 INFO:task_ids: 491 tasks: re2_train_489_if_there_is_any_letter_consonant_replace_that_with_b -- re2_train_432_if_the_word_ends_with_vowel_any_letter_replace_that_with_h_i
2023-06-11 12:15:10,230 INFO:====================================
2023-06-11 12:15:10,275 INFO:No pre-enumerated helmholtzFrontiers: we will sample randomly during the training loop.
2023-06-11 12:15:13,163 INFO:Attempted frontier likelihood normalization. Initial frontiers: 152. Now: 152
2023-06-11 12:15:13,164 INFO:Sampling new helmholtz frontiers during training.
2023-06-11 12:15:14,582 INFO:We now have 498 Helmholtz entries.
2023-06-11 12:15:38,100 INFO:Sampling new helmholtz frontiers during training.
2023-06-11 12:15:39,557 INFO:We now have 499 Helmholtz entries.
2023-06-11 12:16:01,415 INFO:Sampling new helmholtz frontiers during training.
2023-06-11 12:16:02,927 INFO:We now have 498 Helmholtz entries.
2023-06-11 12:16:25,433 INFO:Sampling new helmholtz frontiers during training.
2023-06-11 12:16:26,883 INFO:We now have 497 Helmholtz entries.
2023-06-11 12:16:48,813 INFO:Sampling new helmholtz frontiers during training.
2023-06-11 12:16:50,294 INFO:We now have 497 Helmholtz entries.
2023-06-11 12:17:13,770 INFO:Sampling new helmholtz frontiers during training.
2023-06-11 12:17:15,192 INFO:We now have 500 Helmholtz entries.
2023-06-11 12:17:37,571 INFO:Sampling new helmholtz frontiers during training.
2023-06-11 12:17:39,349 INFO:We now have 497 Helmholtz entries.
2023-06-11 12:18:01,863 INFO:Sampling new helmholtz frontiers during training.
2023-06-11 12:18:03,371 INFO:We now have 497 Helmholtz entries.
2023-06-11 12:18:25,536 INFO:Sampling new helmholtz frontiers during training.
2023-06-11 12:18:26,956 INFO:We now have 499 Helmholtz entries.
2023-06-11 12:18:49,175 INFO:Sampling new helmholtz frontiers during training.
2023-06-11 12:18:50,662 INFO:We now have 496 Helmholtz entries.
2023-06-11 12:19:12,893 INFO:Sampling new helmholtz frontiers during training.
2023-06-11 12:19:14,351 INFO:We now have 499 Helmholtz entries.
2023-06-11 12:19:15,394 INFO:Wrote experiments_iterative/outputs/runs_human/domains/re2_human/baseline_dreamcoder/seed_111/baseline_dreamcoder_96/6/metrics.json
2023-06-11 12:19:15,395 INFO:====================================
2023-06-11 12:19:15,395 INFO:iteration: 6
2023-06-11 12:19:15,395 INFO:amortized_synthesis : optimize_model_for_frontiers
2023-06-11 12:19:15,395 INFO:Completed in 245.164s
2023-06-11 12:19:15,395 INFO:====================================
2023-06-11 12:19:15,395 INFO:============LOGGING MODEL_FN============
2023-06-11 12:19:15,395 INFO:	iteration: 6
2023-06-11 12:19:15,395 INFO:	model_type: amortized_synthesis
2023-06-11 12:19:15,395 INFO:	task_split: train
2023-06-11 12:19:15,395 INFO:	model_fn: infer_programs_for_tasks
2023-06-11 12:19:15,395 INFO:	params: {'enumeration_timeout': 1000}
2023-06-11 12:19:15,395 INFO:	experiment_block_type: model_fn
2023-06-11 12:19:15,395 INFO:	task_batch_size: global_batch_size
2023-06-11 12:19:15,395 INFO:task_ids: 96 tasks: re2_train_91_if_the_word_starts_with_consonant_vowel_add_t_before_that -- re2_train_390_if_the_word_ends_with_any_letter_any_letter_replace_that_with_j
2023-06-11 12:19:15,395 INFO:====================================
2023-06-11 12:19:28,140 INFO:Beginning enumeration on a total of 96 tasks with a total of 96 CPUs.
2023-06-11 12:36:14,350 INFO:Wrote experiments_iterative/outputs/runs_human/domains/re2_human/baseline_dreamcoder/seed_111/baseline_dreamcoder_96/6/metrics.json
2023-06-11 12:36:14,351 INFO:====================================
2023-06-11 12:36:14,351 INFO:iteration: 6
2023-06-11 12:36:14,351 INFO:amortized_synthesis : infer_programs_for_tasks
2023-06-11 12:36:14,351 INFO:Completed in 1018.955s
2023-06-11 12:36:14,351 INFO:====================================
2023-06-11 12:36:14,351 INFO:============LOGGING FRONTIERS============
2023-06-11 12:36:14,352 INFO:	 total_solved_tasks_train @ iteration 6: 169 / 491
2023-06-11 12:36:14,353 INFO:	 total_solved_tasks_test @ iteration 6: 207 / 500
2023-06-11 12:36:14,353 INFO:====================================
2023-06-11 12:36:14,371 INFO:reset_task_frontiers for split: test
2023-06-11 12:36:14,371 INFO:============LOGGING MODEL_FN============
2023-06-11 12:36:14,371 INFO:	iteration: 6
2023-06-11 12:36:14,371 INFO:	model_type: amortized_synthesis
2023-06-11 12:36:14,371 INFO:	task_split: test
2023-06-11 12:36:14,371 INFO:	run_every_n_iterations: 3
2023-06-11 12:36:14,371 INFO:	model_fn: infer_programs_for_tasks
2023-06-11 12:36:14,371 INFO:	params: {'enumeration_timeout': 1000}
2023-06-11 12:36:14,371 INFO:	experiment_block_type: model_fn
2023-06-11 12:36:14,371 INFO:	task_batch_size: all
2023-06-11 12:36:14,371 INFO:task_ids: 500 tasks: re2_test_0_if_the_word_ends_with_s_replace_that_with_m -- re2_test_499_if_there_is_consonant_replace_that_with_q_f
2023-06-11 12:36:14,371 INFO:====================================
2023-06-11 12:37:21,765 INFO:Beginning enumeration on a total of 500 tasks with a total of 96 CPUs.
